This file contains any messages produced by compilers while
running configure, to aid debugging if configure makes a mistake.

It was created by configure, which was
generated by GNU Autoconf 2.54.  Invocation command line was

  $ configure --host=powerpc64-ps3-elf --enable-static --disable-shared --prefix=/c/PSDK3v2/ps3dev/portlibs/ppu --with-gnu-ld

## --------- ##
## Platform. ##
## --------- ##

hostname = Ordi
uname -m = i686
uname -r = 1.0.17(0.48/3/2)
uname -s = MINGW32_NT-6.1
uname -v = 2011-04-24 23:39

/usr/bin/uname -p = unknown
/bin/uname -X     = unknown

/bin/arch              = unknown
/usr/bin/arch -k       = unknown
/usr/convex/getsysinfo = unknown
hostinfo               = unknown
/bin/machine           = unknown
/usr/bin/oslevel       = unknown
/bin/universe          = unknown

PATH: /c/cell/host-win32/bin
PATH: /c/cell/host-win32/ppu/bin
PATH: /c/PSDK3v2/mingw/msys/1.0/bin
PATH: /c/PSDK3v2/mingw/bin
PATH: /c/PSDK3v2/ps3dev/bin
PATH: /c/PSDK3v2/ps3dev/ppu/bin
PATH: /c/PSDK3v2/ps3dev/spu/bin
PATH: /c/PSDK3v2/mingw/Python27
PATH: .
PATH: /usr/local/bin
PATH: /mingw/bin
PATH: /bin
PATH: /c/Program Files (x86)/Google/Chrome/Application
PATH: /c/windows/system32
PATH: /c/Program Files/Git/cmd
PATH: /c/adb
PATH: /c/Program Files/Common Files/Autodesk Shared/
PATH: /c/Program Files (x86)/NVIDIA Corporation/PhysX/Common
PATH: /c/Program Files/Intel/WiFi/bin/
PATH: /c/Program Files/Common Files/Intel/WirelessCommon/
PATH: /c/AWRoot/bin/common
PATH: /c/AWRoot/bin/lib
PATH: /c/APP/ddc/bin
PATH: /c/Program Files/dotnet/
PATH: /c/Program Files/Intel/WiFi/bin/
PATH: /c/Program Files/Common Files/Intel/WirelessCommon/
PATH: /c/Users/Zar/AppData/Local/GitHubDesktop/bin
PATH: /c/Users/Zar/AppData/Local/Programs/Fiddler


## ----------- ##
## Core tests. ##
## ----------- ##

configure:1444: checking for a BSD-compatible install
configure:1498: result: /c/PSDK3v2/mingw/msys/1.0/bin/install -c
configure:1509: checking whether build environment is sane
configure:1552: result: yes
configure:1577: WARNING: `missing' script is too old or missing
configure:1585: checking for gawk
configure:1601: found /c/PSDK3v2/mingw/msys/1.0/bin/gawk
configure:1611: result: gawk
configure:1621: checking whether make sets ${MAKE}
configure:1641: result: yes
configure:1701: checking for powerpc64-ps3-elf-strip
configure:1717: found /c/PSDK3v2/ps3dev/ppu/bin/powerpc64-ps3-elf-strip
configure:1727: result: powerpc64-ps3-elf-strip
configure:1793: checking whether make sets ${MAKE}
configure:1813: result: yes
configure:1840: checking for powerpc64-ps3-elf-gcc
configure:1856: found /c/PSDK3v2/ps3dev/ppu/bin/powerpc64-ps3-elf-gcc
configure:1866: result: powerpc64-ps3-elf-gcc
configure:2146: checking for C compiler version
configure:2149: powerpc64-ps3-elf-gcc --version </dev/null >&5
powerpc64-ps3-elf-gcc.exe (GCC) 4.5.2
Copyright (C) 2010 Free Software Foundation, Inc.
This is free software; see the source for copying conditions.  There is NO
warranty; not even for MERCHANTABILITY or FITNESS FOR A PARTICULAR PURPOSE.

configure:2152: $? = 0
configure:2154: powerpc64-ps3-elf-gcc -v </dev/null >&5
Using built-in specs.
COLLECT_GCC=c:\PSDK3v2\ps3dev\ppu\bin\powerpc64-ps3-elf-gcc.exe
COLLECT_LTO_WRAPPER=c:/psdk3v2/ps3dev/ppu/bin/../libexec/gcc/powerpc64-ps3-elf/4.5.2/lto-wrapper.exe
Target: powerpc64-ps3-elf
Configured with: ../configure --prefix=/usr/local/ps3dev/ppu --target=powerpc64-ps3-elf --disable-dependency-tracking --disable-libstdcxx-pch --disable-multilib --disable-nls --disable-shared --disable-win32-registry --enable-languages=c,c++,objc,obj-c++ --enable-long-double-128 --enable-lto --enable-threads --with-cpu=cell --with-newlib
Thread model: single
gcc version 4.5.2 (GCC) 
configure:2157: $? = 0
configure:2159: powerpc64-ps3-elf-gcc -V </dev/null >&5
powerpc64-ps3-elf-gcc.exe: '-V' option must have argument
configure:2162: $? = 1
configure:2182: checking for C compiler default output
configure:2185: powerpc64-ps3-elf-gcc -I/c/PSDK3v2/psl1ght/ppu/include -I/c/PSDK3v2/ps3dev/portlibs/ppu/include  -L/c/PSDK3v2/psl1ght/ppu/lib -L/c/PSDK3v2/ps3dev/portlibs/ppu/lib -lrt -llv2 conftest.c  >&5
configure:2188: $? = 0
configure:2222: result: a.out
configure:2227: checking whether the C compiler works
configure:2233: ./a.out
./a.out: ./a.out: cannot execute binary file
configure:2236: $? = 126
configure:2251: result: yes
configure:2258: checking whether we are cross compiling
configure:2260: result: yes
configure:2263: checking for suffix of executables
configure:2265: powerpc64-ps3-elf-gcc -o conftest -I/c/PSDK3v2/psl1ght/ppu/include -I/c/PSDK3v2/ps3dev/portlibs/ppu/include  -L/c/PSDK3v2/psl1ght/ppu/lib -L/c/PSDK3v2/ps3dev/portlibs/ppu/lib -lrt -llv2 conftest.c  >&5
configure:2268: $? = 0
configure:2291: result: 
configure:2297: checking for suffix of object files
configure:2315: powerpc64-ps3-elf-gcc -c -I/c/PSDK3v2/psl1ght/ppu/include -I/c/PSDK3v2/ps3dev/portlibs/ppu/include  conftest.c >&5
configure:2318: $? = 0
configure:2337: result: o
configure:2341: checking whether we are using the GNU C compiler
configure:2362: powerpc64-ps3-elf-gcc -c -I/c/PSDK3v2/psl1ght/ppu/include -I/c/PSDK3v2/ps3dev/portlibs/ppu/include  conftest.c >&5
configure:2365: $? = 0
configure:2368: test -s conftest.o
configure:2371: $? = 0
configure:2383: result: yes
configure:2389: checking whether powerpc64-ps3-elf-gcc accepts -g
configure:2407: powerpc64-ps3-elf-gcc -c -g  conftest.c >&5
configure:2410: $? = 0
configure:2413: test -s conftest.o
configure:2416: $? = 0
configure:2426: result: yes
configure:2443: checking for powerpc64-ps3-elf-gcc option to accept ANSI C
configure:2500: powerpc64-ps3-elf-gcc  -c -I/c/PSDK3v2/psl1ght/ppu/include -I/c/PSDK3v2/ps3dev/portlibs/ppu/include  conftest.c >&5
configure:2503: $? = 0
configure:2506: test -s conftest.o
configure:2509: $? = 0
configure:2526: result: none needed
configure:2544: powerpc64-ps3-elf-gcc -c -I/c/PSDK3v2/psl1ght/ppu/include -I/c/PSDK3v2/ps3dev/portlibs/ppu/include  conftest.c >&5
conftest.c:2:9: error: expected '=', ',', ';', 'asm' or '__attribute__' before 'me'
configure:2547: $? = 1
configure: failed program was:
#ifndef __cplusplus
  choke me
#endif
configure:2664: checking for style of include used by make
configure:2692: result: GNU
configure:2720: checking dependency style of powerpc64-ps3-elf-gcc
configure:2782: result: gcc3
configure:2808: checking for a BSD-compatible install
configure:2862: result: /c/PSDK3v2/mingw/msys/1.0/bin/install -c
configure:2876: checking for powerpc64-ps3-elf-ranlib
configure:2892: found /c/PSDK3v2/ps3dev/ppu/bin/powerpc64-ps3-elf-ranlib
configure:2902: result: powerpc64-ps3-elf-ranlib
configure:3025: checking build system type
configure:3043: result: i686-pc-mingw32
configure:3065: result: 
configure:3095: checking for ld used by GCC
configure:3158: result: c:/psdk3v2/ps3dev/ppu/powerpc64-ps3-elf/bin/ld.exe
configure:3167: checking if the linker (c:/psdk3v2/ps3dev/ppu/powerpc64-ps3-elf/bin/ld.exe) is GNU ld
GNU ld (GNU Binutils) 2.21.1
configure:3179: result: yes
configure:3184: checking for c:/psdk3v2/ps3dev/ppu/powerpc64-ps3-elf/bin/ld.exe option to reload object files
configure:3191: result: -r
configure:3196: checking for BSD-compatible nm
configure:3232: result: /c/PSDK3v2/ps3dev/ppu/bin/powerpc64-ps3-elf-nm
configure:3235: checking for a sed that does not truncate output
configure:3317: result: /c/PSDK3v2/mingw/msys/1.0/bin/sed
configure:3320: checking whether ln -s works
configure:3324: result: yes
configure:3331: checking how to recognise dependent libraries
configure:3512: result: unknown
configure:3525: checking command to parse /c/PSDK3v2/ps3dev/ppu/bin/powerpc64-ps3-elf-nm output
configure:3606: powerpc64-ps3-elf-gcc -c -O2  -I/c/PSDK3v2/psl1ght/ppu/include -I/c/PSDK3v2/ps3dev/portlibs/ppu/include  conftest.c >&5
configure:3609: $? = 0
configure:3613: /c/PSDK3v2/ps3dev/ppu/bin/powerpc64-ps3-elf-nm conftest.o \| sed -n -e 's/^.*[ 	]\([ABCDGISTW][ABCDGISTW]*\)[ 	][ 	]*\(\)\([_A-Za-z][_A-Za-z0-9]*\)$/\1 \2\3 \3/p' \> conftest.nm
configure:3616: $? = 0
configure:3668: powerpc64-ps3-elf-gcc -o conftest -O2  -I/c/PSDK3v2/psl1ght/ppu/include -I/c/PSDK3v2/ps3dev/portlibs/ppu/include  -L/c/PSDK3v2/psl1ght/ppu/lib -L/c/PSDK3v2/ps3dev/portlibs/ppu/lib -lrt -llv2 conftest.c conftstm.o >&5
configure:3671: $? = 0
configure:3715: result: ok
configure:3724: checking how to run the C preprocessor
configure:3750: powerpc64-ps3-elf-gcc -E  conftest.c
configure:3756: $? = 0
configure:3783: powerpc64-ps3-elf-gcc -E  conftest.c
configure:3779:28: fatal error: ac_nonexistent.h: No such file or directory
compilation terminated.
configure:3789: $? = 1
configure: failed program was:
#line 3778 "configure"
#include "confdefs.h"
#include <ac_nonexistent.h>
configure:3826: result: powerpc64-ps3-elf-gcc -E
configure:3841: powerpc64-ps3-elf-gcc -E  conftest.c
configure:3847: $? = 0
configure:3874: powerpc64-ps3-elf-gcc -E  conftest.c
configure:3870:28: fatal error: ac_nonexistent.h: No such file or directory
compilation terminated.
configure:3880: $? = 1
configure: failed program was:
#line 3869 "configure"
#include "confdefs.h"
#include <ac_nonexistent.h>
configure:3920: checking for egrep
configure:3930: result: grep -E
configure:3935: checking for ANSI C header files
configure:3949: powerpc64-ps3-elf-gcc -E  conftest.c
configure:3955: $? = 0
configure:4064: result: yes
configure:4088: checking for sys/types.h
configure:4101: powerpc64-ps3-elf-gcc -c -O2  -I/c/PSDK3v2/psl1ght/ppu/include -I/c/PSDK3v2/ps3dev/portlibs/ppu/include  conftest.c >&5
configure:4104: $? = 0
configure:4107: test -s conftest.o
configure:4110: $? = 0
configure:4120: result: yes
configure:4088: checking for sys/stat.h
configure:4101: powerpc64-ps3-elf-gcc -c -O2  -I/c/PSDK3v2/psl1ght/ppu/include -I/c/PSDK3v2/ps3dev/portlibs/ppu/include  conftest.c >&5
configure:4104: $? = 0
configure:4107: test -s conftest.o
configure:4110: $? = 0
configure:4120: result: yes
configure:4088: checking for stdlib.h
configure:4101: powerpc64-ps3-elf-gcc -c -O2  -I/c/PSDK3v2/psl1ght/ppu/include -I/c/PSDK3v2/ps3dev/portlibs/ppu/include  conftest.c >&5
configure:4104: $? = 0
configure:4107: test -s conftest.o
configure:4110: $? = 0
configure:4120: result: yes
configure:4088: checking for string.h
configure:4101: powerpc64-ps3-elf-gcc -c -O2  -I/c/PSDK3v2/psl1ght/ppu/include -I/c/PSDK3v2/ps3dev/portlibs/ppu/include  conftest.c >&5
configure:4104: $? = 0
configure:4107: test -s conftest.o
configure:4110: $? = 0
configure:4120: result: yes
configure:4088: checking for memory.h
configure:4101: powerpc64-ps3-elf-gcc -c -O2  -I/c/PSDK3v2/psl1ght/ppu/include -I/c/PSDK3v2/ps3dev/portlibs/ppu/include  conftest.c >&5
configure:4129:20: fatal error: memory.h: No such file or directory
compilation terminated.
configure:4104: $? = 1
configure: failed program was:
#line 4093 "configure"
#include "confdefs.h"
#include <stdio.h>
#if HAVE_SYS_TYPES_H
# include <sys/types.h>
#endif
#if HAVE_SYS_STAT_H
# include <sys/stat.h>
#endif
#if STDC_HEADERS
# include <stdlib.h>
# include <stddef.h>
#else
# if HAVE_STDLIB_H
#  include <stdlib.h>
# endif
#endif
#if HAVE_STRING_H
# if !STDC_HEADERS && HAVE_MEMORY_H
#  include <memory.h>
# endif
# include <string.h>
#endif
#if HAVE_STRINGS_H
# include <strings.h>
#endif
#if HAVE_INTTYPES_H
# include <inttypes.h>
#else
# if HAVE_STDINT_H
#  include <stdint.h>
# endif
#endif
#if HAVE_UNISTD_H
# include <unistd.h>
#endif

#include <memory.h>
configure:4120: result: no
configure:4088: checking for strings.h
configure:4101: powerpc64-ps3-elf-gcc -c -O2  -I/c/PSDK3v2/psl1ght/ppu/include -I/c/PSDK3v2/ps3dev/portlibs/ppu/include  conftest.c >&5
configure:4104: $? = 0
configure:4107: test -s conftest.o
configure:4110: $? = 0
configure:4120: result: yes
configure:4088: checking for inttypes.h
configure:4101: powerpc64-ps3-elf-gcc -c -O2  -I/c/PSDK3v2/psl1ght/ppu/include -I/c/PSDK3v2/ps3dev/portlibs/ppu/include  conftest.c >&5
configure:4104: $? = 0
configure:4107: test -s conftest.o
configure:4110: $? = 0
configure:4120: result: yes
configure:4088: checking for stdint.h
configure:4101: powerpc64-ps3-elf-gcc -c -O2  -I/c/PSDK3v2/psl1ght/ppu/include -I/c/PSDK3v2/ps3dev/portlibs/ppu/include  conftest.c >&5
configure:4104: $? = 0
configure:4107: test -s conftest.o
configure:4110: $? = 0
configure:4120: result: yes
configure:4088: checking for unistd.h
configure:4101: powerpc64-ps3-elf-gcc -c -O2  -I/c/PSDK3v2/psl1ght/ppu/include -I/c/PSDK3v2/ps3dev/portlibs/ppu/include  conftest.c >&5
configure:4104: $? = 0
configure:4107: test -s conftest.o
configure:4110: $? = 0
configure:4120: result: yes
configure:4146: checking dlfcn.h usability
configure:4155: powerpc64-ps3-elf-gcc -c -O2  -I/c/PSDK3v2/psl1ght/ppu/include -I/c/PSDK3v2/ps3dev/portlibs/ppu/include  conftest.c >&5
configure:4183:19: fatal error: dlfcn.h: No such file or directory
compilation terminated.
configure:4158: $? = 1
configure: failed program was:
#line 4148 "configure"
#include "confdefs.h"
#include <stdio.h>
#if HAVE_SYS_TYPES_H
# include <sys/types.h>
#endif
#if HAVE_SYS_STAT_H
# include <sys/stat.h>
#endif
#if STDC_HEADERS
# include <stdlib.h>
# include <stddef.h>
#else
# if HAVE_STDLIB_H
#  include <stdlib.h>
# endif
#endif
#if HAVE_STRING_H
# if !STDC_HEADERS && HAVE_MEMORY_H
#  include <memory.h>
# endif
# include <string.h>
#endif
#if HAVE_STRINGS_H
# include <strings.h>
#endif
#if HAVE_INTTYPES_H
# include <inttypes.h>
#else
# if HAVE_STDINT_H
#  include <stdint.h>
# endif
#endif
#if HAVE_UNISTD_H
# include <unistd.h>
#endif
#include <dlfcn.h>
configure:4173: result: no
configure:4177: checking dlfcn.h presence
configure:4184: powerpc64-ps3-elf-gcc -E  conftest.c
configure:4180:19: fatal error: dlfcn.h: No such file or directory
compilation terminated.
configure:4190: $? = 1
configure: failed program was:
#line 4179 "configure"
#include "confdefs.h"
#include <dlfcn.h>
configure:4208: result: no
configure:4226: checking for dlfcn.h
configure:4233: result: no
configure:4393: checking for powerpc64-ps3-elf-ranlib
configure:4419: result: powerpc64-ps3-elf-ranlib
configure:4473: checking for powerpc64-ps3-elf-strip
configure:4499: result: powerpc64-ps3-elf-strip
configure:4743: checking for objdir
configure:4754: result: .libs
configure:4771: checking for powerpc64-ps3-elf-gcc option to produce PIC
configure:4917: result: -fPIC
configure:4921: checking if powerpc64-ps3-elf-gcc PIC flag -fPIC works
configure:4941: powerpc64-ps3-elf-gcc -c -O2  -I/c/PSDK3v2/psl1ght/ppu/include -I/c/PSDK3v2/ps3dev/portlibs/ppu/include -fPIC -DPIC  conftest.c >&5
configure:4944: $? = 0
configure:4947: test -s conftest.o
configure:4950: $? = 0
configure:4987: result: yes
configure:5003: checking if powerpc64-ps3-elf-gcc static flag -static works
configure:5024: powerpc64-ps3-elf-gcc -o conftest -O2  -I/c/PSDK3v2/psl1ght/ppu/include -I/c/PSDK3v2/ps3dev/portlibs/ppu/include  -L/c/PSDK3v2/psl1ght/ppu/lib -L/c/PSDK3v2/ps3dev/portlibs/ppu/lib -lrt -llv2 -static conftest.c  >&5
configure:5027: $? = 0
configure:5030: test -s conftest
configure:5033: $? = 0
configure:5048: result: yes
configure:5060: checking if powerpc64-ps3-elf-gcc supports -c -o file.o
configure:5080: powerpc64-ps3-elf-gcc -c -O2  -I/c/PSDK3v2/psl1ght/ppu/include -I/c/PSDK3v2/ps3dev/portlibs/ppu/include -o out/conftest2.o  conftest.c >&5
configure:5104: result: yes
configure:5109: checking if powerpc64-ps3-elf-gcc supports -c -o file.lo
configure:5133: powerpc64-ps3-elf-gcc -c -O2  -I/c/PSDK3v2/psl1ght/ppu/include -I/c/PSDK3v2/ps3dev/portlibs/ppu/include -c -o conftest.lo  conftest.c >&5
configure:5136: $? = 0
configure:5139: test -s conftest.lo
configure:5142: $? = 0
configure:5163: result: yes
configure:5194: checking if powerpc64-ps3-elf-gcc supports -fno-rtti -fno-exceptions
configure:5213: powerpc64-ps3-elf-gcc -c -O2  -I/c/PSDK3v2/psl1ght/ppu/include -I/c/PSDK3v2/ps3dev/portlibs/ppu/include -fno-rtti -fno-exceptions -c conftest.c  conftest.c >&5
cc1.exe: warning: command line option "-fno-rtti" is valid for C++/ObjC++ but not for C
cc1.exe: warning: command line option "-fno-rtti" is valid for C++/ObjC++ but not for C
configure:5216: $? = 0
configure:5219: test -s conftest.o
configure:5222: $? = 0
configure:5238: result: yes
configure:5249: checking whether the linker (c:/psdk3v2/ps3dev/ppu/powerpc64-ps3-elf/bin/ld.exe) supports shared libraries
configure:5941: result: yes
configure:5946: checking how to hardcode library paths into programs
configure:5970: result: immediate
configure:5975: checking whether stripping libraries is possible
configure:5980: result: yes
configure:5991: checking dynamic linker characteristics
configure:6393: result: no
configure:6398: checking if libtool supports shared libraries
configure:6400: result: no
configure:6403: checking whether to build shared libraries
configure:6424: result: no
configure:6427: checking whether to build static libraries
configure:6431: result: yes
configure:7672: checking for ANSI C header files
configure:7801: result: yes
configure:7811: checking for size_t
configure:7832: powerpc64-ps3-elf-gcc -c -O2  -I/c/PSDK3v2/psl1ght/ppu/include -I/c/PSDK3v2/ps3dev/portlibs/ppu/include  conftest.c >&5
configure:7835: $? = 0
configure:7838: test -s conftest.o
configure:7841: $? = 0
configure:7851: result: yes
configure:7864: checking for unsigned int
configure:7885: powerpc64-ps3-elf-gcc -c -O2  -I/c/PSDK3v2/psl1ght/ppu/include -I/c/PSDK3v2/ps3dev/portlibs/ppu/include  conftest.c >&5
configure:7888: $? = 0
configure:7891: test -s conftest.o
configure:7894: $? = 0
configure:7904: result: yes
configure:7907: checking size of unsigned int
configure:7934: powerpc64-ps3-elf-gcc -c -O2  -I/c/PSDK3v2/psl1ght/ppu/include -I/c/PSDK3v2/ps3dev/portlibs/ppu/include  conftest.c >&5
configure:7937: $? = 0
configure:7940: test -s conftest.o
configure:7943: $? = 0
configure:7962: powerpc64-ps3-elf-gcc -c -O2  -I/c/PSDK3v2/psl1ght/ppu/include -I/c/PSDK3v2/ps3dev/portlibs/ppu/include  conftest.c >&5
configure: In function 'main':
configure:7985:12: error: size of array 'test_array' is negative
configure:7965: $? = 1
configure: failed program was:
#line 7947 "configure"
#include "confdefs.h"
#include <stdio.h>
#if HAVE_SYS_TYPES_H
# include <sys/types.h>
#endif
#if HAVE_SYS_STAT_H
# include <sys/stat.h>
#endif
#if STDC_HEADERS
# include <stdlib.h>
# include <stddef.h>
#else
# if HAVE_STDLIB_H
#  include <stdlib.h>
# endif
#endif
#if HAVE_STRING_H
# if !STDC_HEADERS && HAVE_MEMORY_H
#  include <memory.h>
# endif
# include <string.h>
#endif
#if HAVE_STRINGS_H
# include <strings.h>
#endif
#if HAVE_INTTYPES_H
# include <inttypes.h>
#else
# if HAVE_STDINT_H
#  include <stdint.h>
# endif
#endif
#if HAVE_UNISTD_H
# include <unistd.h>
#endif
int
main ()
{
static int test_array [1 - 2 * !(((long) (sizeof (unsigned int))) <= 0)];
test_array [0] = 0

  ;
  return 0;
}
configure:7962: powerpc64-ps3-elf-gcc -c -O2  -I/c/PSDK3v2/psl1ght/ppu/include -I/c/PSDK3v2/ps3dev/portlibs/ppu/include  conftest.c >&5
configure: In function 'main':
configure:7985:12: error: size of array 'test_array' is negative
configure:7965: $? = 1
configure: failed program was:
#line 7947 "configure"
#include "confdefs.h"
#include <stdio.h>
#if HAVE_SYS_TYPES_H
# include <sys/types.h>
#endif
#if HAVE_SYS_STAT_H
# include <sys/stat.h>
#endif
#if STDC_HEADERS
# include <stdlib.h>
# include <stddef.h>
#else
# if HAVE_STDLIB_H
#  include <stdlib.h>
# endif
#endif
#if HAVE_STRING_H
# if !STDC_HEADERS && HAVE_MEMORY_H
#  include <memory.h>
# endif
# include <string.h>
#endif
#if HAVE_STRINGS_H
# include <strings.h>
#endif
#if HAVE_INTTYPES_H
# include <inttypes.h>
#else
# if HAVE_STDINT_H
#  include <stdint.h>
# endif
#endif
#if HAVE_UNISTD_H
# include <unistd.h>
#endif
int
main ()
{
static int test_array [1 - 2 * !(((long) (sizeof (unsigned int))) <= 1)];
test_array [0] = 0

  ;
  return 0;
}
configure:7962: powerpc64-ps3-elf-gcc -c -O2  -I/c/PSDK3v2/psl1ght/ppu/include -I/c/PSDK3v2/ps3dev/portlibs/ppu/include  conftest.c >&5
configure: In function 'main':
configure:7985:12: error: size of array 'test_array' is negative
configure:7965: $? = 1
configure: failed program was:
#line 7947 "configure"
#include "confdefs.h"
#include <stdio.h>
#if HAVE_SYS_TYPES_H
# include <sys/types.h>
#endif
#if HAVE_SYS_STAT_H
# include <sys/stat.h>
#endif
#if STDC_HEADERS
# include <stdlib.h>
# include <stddef.h>
#else
# if HAVE_STDLIB_H
#  include <stdlib.h>
# endif
#endif
#if HAVE_STRING_H
# if !STDC_HEADERS && HAVE_MEMORY_H
#  include <memory.h>
# endif
# include <string.h>
#endif
#if HAVE_STRINGS_H
# include <strings.h>
#endif
#if HAVE_INTTYPES_H
# include <inttypes.h>
#else
# if HAVE_STDINT_H
#  include <stdint.h>
# endif
#endif
#if HAVE_UNISTD_H
# include <unistd.h>
#endif
int
main ()
{
static int test_array [1 - 2 * !(((long) (sizeof (unsigned int))) <= 3)];
test_array [0] = 0

  ;
  return 0;
}
configure:7962: powerpc64-ps3-elf-gcc -c -O2  -I/c/PSDK3v2/psl1ght/ppu/include -I/c/PSDK3v2/ps3dev/portlibs/ppu/include  conftest.c >&5
configure:7965: $? = 0
configure:7968: test -s conftest.o
configure:7971: $? = 0
configure:8082: powerpc64-ps3-elf-gcc -c -O2  -I/c/PSDK3v2/psl1ght/ppu/include -I/c/PSDK3v2/ps3dev/portlibs/ppu/include  conftest.c >&5
configure:8085: $? = 0
configure:8088: test -s conftest.o
configure:8091: $? = 0
configure:8082: powerpc64-ps3-elf-gcc -c -O2  -I/c/PSDK3v2/psl1ght/ppu/include -I/c/PSDK3v2/ps3dev/portlibs/ppu/include  conftest.c >&5
configure:8085: $? = 0
configure:8088: test -s conftest.o
configure:8091: $? = 0
configure:8177: result: 4
configure:8184: checking for an ANSI C-conforming const
configure:8248: powerpc64-ps3-elf-gcc -c -O2  -I/c/PSDK3v2/psl1ght/ppu/include -I/c/PSDK3v2/ps3dev/portlibs/ppu/include  conftest.c >&5
configure:8251: $? = 0
configure:8254: test -s conftest.o
configure:8257: $? = 0
configure:8267: result: yes
configure:8384: creating ./config.status

## ---------------------- ##
## Running config.status. ##
## ---------------------- ##

This file was extended by config.status, which was
generated by GNU Autoconf 2.54.  Invocation command line was

  CONFIG_FILES    = 
  CONFIG_HEADERS  = 
  CONFIG_LINKS    = 
  CONFIG_COMMANDS = 
  $ ./config.status 

on Ordi

config.status:641: creating Makefile
config.status:641: creating src/Makefile
config.status:641: creating examples/Makefile
config.status:641: creating doc/Makefile
config.status:745: creating src/tgaconfig.h
config.status:852: src/tgaconfig.h is unchanged
config.status:958: executing depfiles commands

## ---------------- ##
## Cache variables. ##
## ---------------- ##

ac_cv_build=i686-pc-mingw32
ac_cv_build_alias=i686-pc-mingw32
ac_cv_c_compiler_gnu=yes
ac_cv_c_const=yes
ac_cv_enable_debug=no
ac_cv_env_CC_set=
ac_cv_env_CC_value=
ac_cv_env_CFLAGS_set=set
ac_cv_env_CFLAGS_value='-I/c/PSDK3v2/psl1ght/ppu/include -I/c/PSDK3v2/ps3dev/portlibs/ppu/include'
ac_cv_env_CPPFLAGS_set=
ac_cv_env_CPPFLAGS_value=
ac_cv_env_CPP_set=
ac_cv_env_CPP_value=
ac_cv_env_LDFLAGS_set=set
ac_cv_env_LDFLAGS_value='-L/c/PSDK3v2/psl1ght/ppu/lib -L/c/PSDK3v2/ps3dev/portlibs/ppu/lib -lrt -llv2'
ac_cv_env_build_alias_set=
ac_cv_env_build_alias_value=
ac_cv_env_host_alias_set=set
ac_cv_env_host_alias_value=powerpc64-ps3-elf
ac_cv_env_target_alias_set=
ac_cv_env_target_alias_value=
ac_cv_exeext=
ac_cv_header_dlfcn_h=no
ac_cv_header_inttypes_h=yes
ac_cv_header_memory_h=no
ac_cv_header_stdc=yes
ac_cv_header_stdint_h=yes
ac_cv_header_stdlib_h=yes
ac_cv_header_string_h=yes
ac_cv_header_strings_h=yes
ac_cv_header_sys_stat_h=yes
ac_cv_header_sys_types_h=yes
ac_cv_header_unistd_h=yes
ac_cv_objext=o
ac_cv_path_install='/c/PSDK3v2/mingw/msys/1.0/bin/install -c'
ac_cv_prog_AWK=gawk
ac_cv_prog_CC=powerpc64-ps3-elf-gcc
ac_cv_prog_CPP='powerpc64-ps3-elf-gcc -E'
ac_cv_prog_RANLIB=powerpc64-ps3-elf-ranlib
ac_cv_prog_STRIP=powerpc64-ps3-elf-strip
ac_cv_prog_cc_g=yes
ac_cv_prog_cc_stdc=
ac_cv_prog_egrep='grep -E'
ac_cv_prog_make_make_set=yes
ac_cv_sizeof_unsigned_int=4
ac_cv_type_size_t=yes
ac_cv_type_unsigned_int=yes
am_cv_CC_dependencies_compiler_type=gcc3
lt_cv_compiler_c_o=yes
lt_cv_compiler_o_lo=yes
lt_cv_deplibs_check_method=unknown
lt_cv_file_magic_cmd='$MAGIC_CMD'
lt_cv_file_magic_test_file=
lt_cv_global_symbol_to_c_name_address='sed -n -e '\''s/^: \([^ ]*\) $/  {\"\1\", (lt_ptr) 0},/p'\'' -e '\''s/^[BCDEGRST] \([^ ]*\) \([^ ]*\)$/  {"\2", (lt_ptr) \&\2},/p'\'''
lt_cv_global_symbol_to_cdecl='sed -n -e '\''s/^. .* \(.*\)$/extern char \1;/p'\'''
lt_cv_ld_reload_flag=-r
lt_cv_path_LD=c:/psdk3v2/ps3dev/ppu/powerpc64-ps3-elf/bin/ld.exe
lt_cv_path_NM=/c/PSDK3v2/ps3dev/ppu/bin/powerpc64-ps3-elf-nm
lt_cv_path_SED=/c/PSDK3v2/mingw/msys/1.0/bin/sed
lt_cv_prog_cc_can_build_shared=yes
lt_cv_prog_cc_no_builtin=
lt_cv_prog_cc_pic=' -fPIC'
lt_cv_prog_cc_pic_works=yes
lt_cv_prog_cc_shlib=
lt_cv_prog_cc_static=-static
lt_cv_prog_cc_static_works=yes
lt_cv_prog_cc_wl=-Wl,
lt_cv_prog_gnu_ld=yes
lt_cv_sys_global_symbol_pipe='sed -n -e '\''s/^.*[ 	]\([ABCDGISTW][ABCDGISTW]*\)[ 	][ 	]*\(\)\([_A-Za-z][_A-Za-z0-9]*\)$/\1 \2\3 \3/p'\'''

## ----------------- ##
## Output variables. ##
## ----------------- ##

ACLOCAL='aclocal-1.6'
AMDEPBACKSLASH='\'
AMDEP_FALSE='#'
AMDEP_TRUE=''
AMTAR='tar'
AUTOCONF='autoconf'
AUTOHEADER='autoheader'
AUTOMAKE='automake-1.6'
AWK='gawk'
CC='powerpc64-ps3-elf-gcc'
CCDEPMODE='depmode=gcc3'
CFLAGS='-O2  -I/c/PSDK3v2/psl1ght/ppu/include -I/c/PSDK3v2/ps3dev/portlibs/ppu/include'
CPP='powerpc64-ps3-elf-gcc -E'
CPPFLAGS=''
DEFS='-DHAVE_CONFIG_H'
DEPDIR='.deps'
ECHO='echo'
ECHO_C=''
ECHO_N='-n'
ECHO_T=''
EGREP='grep -E'
EXEEXT=''
INSTALL_DATA='${INSTALL} -m 644'
INSTALL_PROGRAM='${INSTALL}'
INSTALL_SCRIPT='${INSTALL}'
INSTALL_STRIP_PROGRAM='${SHELL} $(install_sh) -c -s'
LDFLAGS='-L/c/PSDK3v2/psl1ght/ppu/lib -L/c/PSDK3v2/ps3dev/portlibs/ppu/lib -lrt -llv2'
LIBOBJS=''
LIBS=''
LIBTOOL='$(SHELL) $(top_builddir)/libtool'
LN_S='ln -s'
LTLIBOBJS=''
MAKEINFO='makeinfo'
OBJEXT='o'
PACKAGE='libtga'
PACKAGE_BUGREPORT=''
PACKAGE_NAME=''
PACKAGE_STRING=''
PACKAGE_TARNAME=''
PACKAGE_VERSION=''
PATH_SEPARATOR=':'
RANLIB='powerpc64-ps3-elf-ranlib'
SET_MAKE=''
SHELL='/bin/sh'
STRIP='powerpc64-ps3-elf-strip'
VERSION='1.0.1'
ac_ct_CC=''
ac_ct_RANLIB=''
ac_ct_STRIP=''
am__include='include'
am__quote=''
bindir='${exec_prefix}/bin'
build='i686-pc-mingw32'
build_alias=''
build_cpu='i686'
build_os='mingw32'
build_vendor='pc'
datadir='${prefix}/share'
exec_prefix='${prefix}'
host=''
host_alias='powerpc64-ps3-elf'
host_cpu=''
host_os=''
host_vendor=''
includedir='${prefix}/include'
infodir='${prefix}/info'
install_sh='/home/Zar/managunz/mgz/lib/libtga/install-sh'
libdir='${exec_prefix}/lib'
libexecdir='${exec_prefix}/libexec'
localstatedir='${prefix}/var'
mandir='${prefix}/man'
oldincludedir='/usr/include'
prefix='/c/PSDK3v2/ps3dev/portlibs/ppu'
program_transform_name='s,x,x,'
sbindir='${exec_prefix}/sbin'
sharedstatedir='${prefix}/com'
sysconfdir='${prefix}/etc'
target_alias=''

## ----------- ##
## confdefs.h. ##
## ----------- ##

#define HAVE_INTTYPES_H 1
#define HAVE_STDINT_H 1
#define HAVE_STDLIB_H 1
#define HAVE_STRINGS_H 1
#define HAVE_STRING_H 1
#define HAVE_SYS_STAT_H 1
#define HAVE_SYS_TYPES_H 1
#define HAVE_UNISTD_H 1
#define PACKAGE "libtga"
#define PACKAGE_BUGREPORT ""
#define PACKAGE_NAME ""
#define PACKAGE_STRING ""
#define PACKAGE_TARNAME ""
#define PACKAGE_VERSION ""
#define SIZEOF_UNSIGNED_INT 4
#define STDC_HEADERS 1
#define STDC_HEADERS 1
#define VERSION "1.0.1"

configure: exit 0
