This file contains any messages produced by compilers while
running configure, to aid debugging if configure makes a mistake.

It was created by configure, which was
generated by GNU Autoconf 2.57.  Invocation command line was

  $ ./configure --prefix=/usr/local --host=ppu --enable-static --disable-shared CFLAGS=-I/c/PSDK3v2/psl1ght/ppu/include -I/c/PSDK3v2/ps3dev/portlibs/ppu/include LDFLAGS=-L/c/PSDK3v2/psl1ght/ppu/lib -L/c/PSDK3v2/ps3dev/portlibs/ppu/lib -lrt -llv2 host_alias=ppu --cache-file=/dev/null --srcdir=.

## --------- ##
## Platform. ##
## --------- ##

hostname = Ordi
uname -m = i686
uname -r = 1.0.17(0.48/3/2)
uname -s = MINGW32_NT-6.1
uname -v = 2011-04-24 23:39

/usr/bin/uname -p = unknown
/bin/uname -X     = unknown

/bin/arch              = unknown
/usr/bin/arch -k       = unknown
/usr/convex/getsysinfo = unknown
hostinfo               = unknown
/bin/machine           = unknown
/usr/bin/oslevel       = unknown
/bin/universe          = unknown

PATH: /c/cell/host-win32/bin
PATH: /c/cell/host-win32/ppu/bin
PATH: /c/cell/host-win32/spu/bin
PATH: /c/cell/host-win32/Cg/bin
PATH: /c/PSDK3v2/mingw/msys/1.0/bin
PATH: /c/PSDK3v2/mingw/bin
PATH: /c/PSDK3v2/ps3dev/bin
PATH: /c/PSDK3v2/ps3dev/ppu/bin
PATH: /c/PSDK3v2/ps3dev/spu/bin
PATH: /c/PSDK3v2/mingw/Python27
PATH: .
PATH: /usr/local/bin
PATH: /mingw/bin
PATH: /bin
PATH: /c/windows/system32
PATH: /c/Program Files/Git/cmd
PATH: /c/Program Files (x86)/NVIDIA Corporation/Cg/bin
PATH: /c/Program Files (x86)/NVIDIA Corporation/Cg/bin.x64


## ----------- ##
## Core tests. ##
## ----------- ##

configure:1485: checking whether make sets $(MAKE)
configure:1505: result: yes
configure:1529: checking for ppu-gcc
configure:1545: found /c/PSDK3v2/ps3dev/ppu/bin/ppu-gcc
configure:1555: result: ppu-gcc
configure:1837: checking for C compiler version
configure:1840: ppu-gcc --version </dev/null >&5
ppu-gcc.exe (GCC) 4.5.2
Copyright (C) 2010 Free Software Foundation, Inc.
This is free software; see the source for copying conditions.  There is NO
warranty; not even for MERCHANTABILITY or FITNESS FOR A PARTICULAR PURPOSE.

configure:1843: $? = 0
configure:1845: ppu-gcc -v </dev/null >&5
Using built-in specs.
COLLECT_GCC=c:\PSDK3v2\ps3dev\ppu\bin\ppu-gcc.exe
COLLECT_LTO_WRAPPER=c:/psdk3v2/ps3dev/ppu/bin/../libexec/gcc/powerpc64-ps3-elf/4.5.2/lto-wrapper.exe
Target: powerpc64-ps3-elf
Configured with: ../configure --prefix=/usr/local/ps3dev/ppu --target=powerpc64-ps3-elf --disable-dependency-tracking --disable-libstdcxx-pch --disable-multilib --disable-nls --disable-shared --disable-win32-registry --enable-languages=c,c++,objc,obj-c++ --enable-long-double-128 --enable-lto --enable-threads --with-cpu=cell --with-newlib
Thread model: single
gcc version 4.5.2 (GCC) 
configure:1848: $? = 0
configure:1850: ppu-gcc -V </dev/null >&5
ppu-gcc.exe: '-V' option must have argument
configure:1853: $? = 1
configure:1877: checking for C compiler default output
configure:1880: ppu-gcc -I/c/PSDK3v2/psl1ght/ppu/include -I/c/PSDK3v2/ps3dev/portlibs/ppu/include  -L/c/PSDK3v2/psl1ght/ppu/lib -L/c/PSDK3v2/ps3dev/portlibs/ppu/lib -lrt -llv2 conftest.c  >&5
configure:1883: $? = 0
configure:1929: result: a.out
configure:1934: checking whether the C compiler works
configure:1940: ./a.out
./a.out: ./a.out: cannot execute binary file
configure:1943: $? = 126
configure:1960: result: yes
configure:1967: checking whether we are cross compiling
configure:1969: result: yes
configure:1972: checking for suffix of executables
configure:1974: ppu-gcc -o conftest -I/c/PSDK3v2/psl1ght/ppu/include -I/c/PSDK3v2/ps3dev/portlibs/ppu/include  -L/c/PSDK3v2/psl1ght/ppu/lib -L/c/PSDK3v2/ps3dev/portlibs/ppu/lib -lrt -llv2 conftest.c  >&5
configure:1977: $? = 0
configure:2002: result: 
configure:2008: checking for suffix of object files
configure:2030: ppu-gcc -c -I/c/PSDK3v2/psl1ght/ppu/include -I/c/PSDK3v2/ps3dev/portlibs/ppu/include  conftest.c >&5
configure:2033: $? = 0
configure:2055: result: o
configure:2059: checking whether we are using the GNU C compiler
configure:2084: ppu-gcc -c -I/c/PSDK3v2/psl1ght/ppu/include -I/c/PSDK3v2/ps3dev/portlibs/ppu/include  conftest.c >&5
configure:2087: $? = 0
configure:2090: test -s conftest.o
configure:2093: $? = 0
configure:2106: result: yes
configure:2112: checking whether ppu-gcc accepts -g
configure:2134: ppu-gcc -c -g  conftest.c >&5
configure:2137: $? = 0
configure:2140: test -s conftest.o
configure:2143: $? = 0
configure:2154: result: yes
configure:2171: checking for ppu-gcc option to accept ANSI C
configure:2232: ppu-gcc  -c -I/c/PSDK3v2/psl1ght/ppu/include -I/c/PSDK3v2/ps3dev/portlibs/ppu/include  conftest.c >&5
configure:2235: $? = 0
configure:2238: test -s conftest.o
configure:2241: $? = 0
configure:2259: result: none needed
configure:2277: ppu-gcc -c -I/c/PSDK3v2/psl1ght/ppu/include -I/c/PSDK3v2/ps3dev/portlibs/ppu/include  conftest.c >&5
conftest.c:2:9: error: expected '=', ',', ';', 'asm' or '__attribute__' before 'me'
configure:2280: $? = 1
configure: failed program was:
| #ifndef __cplusplus
|   choke me
| #endif
configure:2394: checking how to run the C preprocessor
configure:2430: ppu-gcc -E  conftest.c
configure:2436: $? = 0
configure:2468: ppu-gcc -E  conftest.c
configure:2467:28: fatal error: ac_nonexistent.h: No such file or directory
compilation terminated.
configure:2474: $? = 1
configure: failed program was:
| #line 2459 "configure"
| /* confdefs.h.  */
| 
| #define PACKAGE_NAME ""
| #define PACKAGE_TARNAME ""
| #define PACKAGE_VERSION ""
| #define PACKAGE_STRING ""
| #define PACKAGE_BUGREPORT ""
| /* end confdefs.h.  */
| #include <ac_nonexistent.h>
configure:2512: result: ppu-gcc -E
configure:2537: ppu-gcc -E  conftest.c
configure:2543: $? = 0
configure:2575: ppu-gcc -E  conftest.c
configure:2574:28: fatal error: ac_nonexistent.h: No such file or directory
compilation terminated.
configure:2581: $? = 1
configure: failed program was:
| #line 2566 "configure"
| /* confdefs.h.  */
| 
| #define PACKAGE_NAME ""
| #define PACKAGE_TARNAME ""
| #define PACKAGE_VERSION ""
| #define PACKAGE_STRING ""
| #define PACKAGE_BUGREPORT ""
| /* end confdefs.h.  */
| #include <ac_nonexistent.h>
configure:2625: checking for egrep
configure:2635: result: grep -E
configure:2641: checking whether ppu-gcc needs -traditional
configure:2655:19: fatal error: sgtty.h: No such file or directory
compilation terminated.
configure:2675:20: fatal error: termio.h: No such file or directory
compilation terminated.
configure:2685: result: no
configure:2704: checking for a BSD-compatible install
configure:2758: result: /c/PSDK3v2/mingw/msys/1.0/bin/install -c
configure:2777: checking build system type
configure:2795: result: i686-pc-mingw32
configure:2803: checking host system type
configure:2817: result: powerpc64-unknown-linux-gnu
configure:2828: checking whether to activate relocatable installation
configure:2843: result: no
configure:2863: checking for AIX
configure:2886: result: no
configure:2892: checking for ANSI C header files
configure:2918: ppu-gcc -c -I/c/PSDK3v2/psl1ght/ppu/include -I/c/PSDK3v2/ps3dev/portlibs/ppu/include  conftest.c >&5
configure:2921: $? = 0
configure:2924: test -s conftest.o
configure:2927: $? = 0
configure:3042: result: yes
configure:3066: checking for sys/types.h
configure:3083: ppu-gcc -c -I/c/PSDK3v2/psl1ght/ppu/include -I/c/PSDK3v2/ps3dev/portlibs/ppu/include  conftest.c >&5
configure:3086: $? = 0
configure:3089: test -s conftest.o
configure:3092: $? = 0
configure:3103: result: yes
configure:3066: checking for sys/stat.h
configure:3083: ppu-gcc -c -I/c/PSDK3v2/psl1ght/ppu/include -I/c/PSDK3v2/ps3dev/portlibs/ppu/include  conftest.c >&5
configure:3086: $? = 0
configure:3089: test -s conftest.o
configure:3092: $? = 0
configure:3103: result: yes
configure:3066: checking for stdlib.h
configure:3083: ppu-gcc -c -I/c/PSDK3v2/psl1ght/ppu/include -I/c/PSDK3v2/ps3dev/portlibs/ppu/include  conftest.c >&5
configure:3086: $? = 0
configure:3089: test -s conftest.o
configure:3092: $? = 0
configure:3103: result: yes
configure:3066: checking for string.h
configure:3083: ppu-gcc -c -I/c/PSDK3v2/psl1ght/ppu/include -I/c/PSDK3v2/ps3dev/portlibs/ppu/include  conftest.c >&5
configure:3086: $? = 0
configure:3089: test -s conftest.o
configure:3092: $? = 0
configure:3103: result: yes
configure:3066: checking for memory.h
configure:3083: ppu-gcc -c -I/c/PSDK3v2/psl1ght/ppu/include -I/c/PSDK3v2/ps3dev/portlibs/ppu/include  conftest.c >&5
configure:3120:20: fatal error: memory.h: No such file or directory
compilation terminated.
configure:3086: $? = 1
configure: failed program was:
| #line 3071 "configure"
| /* confdefs.h.  */
| 
| #define PACKAGE_NAME ""
| #define PACKAGE_TARNAME ""
| #define PACKAGE_VERSION ""
| #define PACKAGE_STRING ""
| #define PACKAGE_BUGREPORT ""
| #define INSTALLPREFIX "/usr/local"
| #define STDC_HEADERS 1
| #define HAVE_SYS_TYPES_H 1
| #define HAVE_SYS_STAT_H 1
| #define HAVE_STDLIB_H 1
| #define HAVE_STRING_H 1
| /* end confdefs.h.  */
| #include <stdio.h>
| #if HAVE_SYS_TYPES_H
| # include <sys/types.h>
| #endif
| #if HAVE_SYS_STAT_H
| # include <sys/stat.h>
| #endif
| #if STDC_HEADERS
| # include <stdlib.h>
| # include <stddef.h>
| #else
| # if HAVE_STDLIB_H
| #  include <stdlib.h>
| # endif
| #endif
| #if HAVE_STRING_H
| # if !STDC_HEADERS && HAVE_MEMORY_H
| #  include <memory.h>
| # endif
| # include <string.h>
| #endif
| #if HAVE_STRINGS_H
| # include <strings.h>
| #endif
| #if HAVE_INTTYPES_H
| # include <inttypes.h>
| #else
| # if HAVE_STDINT_H
| #  include <stdint.h>
| # endif
| #endif
| #if HAVE_UNISTD_H
| # include <unistd.h>
| #endif
| 
| #include <memory.h>
configure:3103: result: no
configure:3066: checking for strings.h
configure:3083: ppu-gcc -c -I/c/PSDK3v2/psl1ght/ppu/include -I/c/PSDK3v2/ps3dev/portlibs/ppu/include  conftest.c >&5
configure:3086: $? = 0
configure:3089: test -s conftest.o
configure:3092: $? = 0
configure:3103: result: yes
configure:3066: checking for inttypes.h
configure:3083: ppu-gcc -c -I/c/PSDK3v2/psl1ght/ppu/include -I/c/PSDK3v2/ps3dev/portlibs/ppu/include  conftest.c >&5
configure:3086: $? = 0
configure:3089: test -s conftest.o
configure:3092: $? = 0
configure:3103: result: yes
configure:3066: checking for stdint.h
configure:3083: ppu-gcc -c -I/c/PSDK3v2/psl1ght/ppu/include -I/c/PSDK3v2/ps3dev/portlibs/ppu/include  conftest.c >&5
configure:3086: $? = 0
configure:3089: test -s conftest.o
configure:3092: $? = 0
configure:3103: result: yes
configure:3066: checking for unistd.h
configure:3083: ppu-gcc -c -I/c/PSDK3v2/psl1ght/ppu/include -I/c/PSDK3v2/ps3dev/portlibs/ppu/include  conftest.c >&5
configure:3086: $? = 0
configure:3089: test -s conftest.o
configure:3092: $? = 0
configure:3103: result: yes
configure:3125: checking minix/config.h usability
configure:3138: ppu-gcc -c -I/c/PSDK3v2/psl1ght/ppu/include -I/c/PSDK3v2/ps3dev/portlibs/ppu/include  conftest.c >&5
configure:3179:26: fatal error: minix/config.h: No such file or directory
compilation terminated.
configure:3141: $? = 1
configure: failed program was:
| #line 3127 "configure"
| /* confdefs.h.  */
| 
| #define PACKAGE_NAME ""
| #define PACKAGE_TARNAME ""
| #define PACKAGE_VERSION ""
| #define PACKAGE_STRING ""
| #define PACKAGE_BUGREPORT ""
| #define INSTALLPREFIX "/usr/local"
| #define STDC_HEADERS 1
| #define HAVE_SYS_TYPES_H 1
| #define HAVE_SYS_STAT_H 1
| #define HAVE_STDLIB_H 1
| #define HAVE_STRING_H 1
| #define HAVE_STRINGS_H 1
| #define HAVE_INTTYPES_H 1
| #define HAVE_STDINT_H 1
| #define HAVE_UNISTD_H 1
| /* end confdefs.h.  */
| #include <stdio.h>
| #if HAVE_SYS_TYPES_H
| # include <sys/types.h>
| #endif
| #if HAVE_SYS_STAT_H
| # include <sys/stat.h>
| #endif
| #if STDC_HEADERS
| # include <stdlib.h>
| # include <stddef.h>
| #else
| # if HAVE_STDLIB_H
| #  include <stdlib.h>
| # endif
| #endif
| #if HAVE_STRING_H
| # if !STDC_HEADERS && HAVE_MEMORY_H
| #  include <memory.h>
| # endif
| # include <string.h>
| #endif
| #if HAVE_STRINGS_H
| # include <strings.h>
| #endif
| #if HAVE_INTTYPES_H
| # include <inttypes.h>
| #else
| # if HAVE_STDINT_H
| #  include <stdint.h>
| # endif
| #endif
| #if HAVE_UNISTD_H
| # include <unistd.h>
| #endif
| #include <minix/config.h>
configure:3157: result: no
configure:3161: checking minix/config.h presence
configure:3172: ppu-gcc -E  conftest.c
configure:3181:26: fatal error: minix/config.h: No such file or directory
compilation terminated.
configure:3178: $? = 1
configure: failed program was:
| #line 3163 "configure"
| /* confdefs.h.  */
| 
| #define PACKAGE_NAME ""
| #define PACKAGE_TARNAME ""
| #define PACKAGE_VERSION ""
| #define PACKAGE_STRING ""
| #define PACKAGE_BUGREPORT ""
| #define INSTALLPREFIX "/usr/local"
| #define STDC_HEADERS 1
| #define HAVE_SYS_TYPES_H 1
| #define HAVE_SYS_STAT_H 1
| #define HAVE_STDLIB_H 1
| #define HAVE_STRING_H 1
| #define HAVE_STRINGS_H 1
| #define HAVE_INTTYPES_H 1
| #define HAVE_STDINT_H 1
| #define HAVE_UNISTD_H 1
| /* end confdefs.h.  */
| #include <minix/config.h>
configure:3197: result: no
configure:3233: checking for minix/config.h
configure:3240: result: no
configure:3270: checking for strerror in -lcposix
configure:3301: ppu-gcc -o conftest -I/c/PSDK3v2/psl1ght/ppu/include -I/c/PSDK3v2/ps3dev/portlibs/ppu/include  -L/c/PSDK3v2/psl1ght/ppu/lib -L/c/PSDK3v2/ps3dev/portlibs/ppu/lib -lrt -llv2 conftest.c -lcposix   >&5
c:/psdk3v2/ps3dev/ppu/bin/../lib/gcc/powerpc64-ps3-elf/4.5.2/../../../../powerpc64-ps3-elf/bin/ld.exe: cannot find -lcposix
collect2: ld returned 1 exit status
configure:3304: $? = 1
configure: failed program was:
| #line 3277 "configure"
| /* confdefs.h.  */
| 
| #define PACKAGE_NAME ""
| #define PACKAGE_TARNAME ""
| #define PACKAGE_VERSION ""
| #define PACKAGE_STRING ""
| #define PACKAGE_BUGREPORT ""
| #define INSTALLPREFIX "/usr/local"
| #define STDC_HEADERS 1
| #define HAVE_SYS_TYPES_H 1
| #define HAVE_SYS_STAT_H 1
| #define HAVE_STDLIB_H 1
| #define HAVE_STRING_H 1
| #define HAVE_STRINGS_H 1
| #define HAVE_INTTYPES_H 1
| #define HAVE_STDINT_H 1
| #define HAVE_UNISTD_H 1
| /* end confdefs.h.  */
| 
| /* Override any gcc2 internal prototype to avoid an error.  */
| #ifdef __cplusplus
| extern "C"
| #endif
| /* We use char because int might match the return type of a gcc2
|    builtin and then its argument prototype would still apply.  */
| char strerror ();
| int
| main ()
| {
| strerror ();
|   ;
|   return 0;
| }
configure:3322: result: no
configure:3410: checking for a sed that does not truncate output
configure:3464: result: /c/PSDK3v2/mingw/msys/1.0/bin/sed
configure:3478: checking for ld used by ppu-gcc
configure:3545: result: c:/psdk3v2/ps3dev/ppu/powerpc64-ps3-elf/bin/ld.exe
configure:3554: checking if the linker (c:/psdk3v2/ps3dev/ppu/powerpc64-ps3-elf/bin/ld.exe) is GNU ld
configure:3569: result: yes
configure:3574: checking for c:/psdk3v2/ps3dev/ppu/powerpc64-ps3-elf/bin/ld.exe option to reload object files
configure:3581: result: -r
configure:3590: checking for BSD-compatible nm
configure:3632: result: /c/PSDK3v2/ps3dev/ppu/bin/ppu-nm
configure:3636: checking whether ln -s works
configure:3640: result: yes
configure:3647: checking how to recognise dependent libraries
configure:3847: result: pass_all
configure:3929: ppu-gcc -c -I/c/PSDK3v2/psl1ght/ppu/include -I/c/PSDK3v2/ps3dev/portlibs/ppu/include  conftest.c >&5
configure:3932: $? = 0
configure:4299: checking dlfcn.h usability
configure:4312: ppu-gcc -c -I/c/PSDK3v2/psl1ght/ppu/include -I/c/PSDK3v2/ps3dev/portlibs/ppu/include  conftest.c >&5
configure:4353:19: fatal error: dlfcn.h: No such file or directory
compilation terminated.
configure:4315: $? = 1
configure: failed program was:
| #line 4301 "configure"
| /* confdefs.h.  */
| 
| #define PACKAGE_NAME ""
| #define PACKAGE_TARNAME ""
| #define PACKAGE_VERSION ""
| #define PACKAGE_STRING ""
| #define PACKAGE_BUGREPORT ""
| #define INSTALLPREFIX "/usr/local"
| #define STDC_HEADERS 1
| #define HAVE_SYS_TYPES_H 1
| #define HAVE_SYS_STAT_H 1
| #define HAVE_STDLIB_H 1
| #define HAVE_STRING_H 1
| #define HAVE_STRINGS_H 1
| #define HAVE_INTTYPES_H 1
| #define HAVE_STDINT_H 1
| #define HAVE_UNISTD_H 1
| /* end confdefs.h.  */
| #include <stdio.h>
| #if HAVE_SYS_TYPES_H
| # include <sys/types.h>
| #endif
| #if HAVE_SYS_STAT_H
| # include <sys/stat.h>
| #endif
| #if STDC_HEADERS
| # include <stdlib.h>
| # include <stddef.h>
| #else
| # if HAVE_STDLIB_H
| #  include <stdlib.h>
| # endif
| #endif
| #if HAVE_STRING_H
| # if !STDC_HEADERS && HAVE_MEMORY_H
| #  include <memory.h>
| # endif
| # include <string.h>
| #endif
| #if HAVE_STRINGS_H
| # include <strings.h>
| #endif
| #if HAVE_INTTYPES_H
| # include <inttypes.h>
| #else
| # if HAVE_STDINT_H
| #  include <stdint.h>
| # endif
| #endif
| #if HAVE_UNISTD_H
| # include <unistd.h>
| #endif
| #include <dlfcn.h>
configure:4331: result: no
configure:4335: checking dlfcn.h presence
configure:4346: ppu-gcc -E  conftest.c
configure:4355:19: fatal error: dlfcn.h: No such file or directory
compilation terminated.
configure:4352: $? = 1
configure: failed program was:
| #line 4337 "configure"
| /* confdefs.h.  */
| 
| #define PACKAGE_NAME ""
| #define PACKAGE_TARNAME ""
| #define PACKAGE_VERSION ""
| #define PACKAGE_STRING ""
| #define PACKAGE_BUGREPORT ""
| #define INSTALLPREFIX "/usr/local"
| #define STDC_HEADERS 1
| #define HAVE_SYS_TYPES_H 1
| #define HAVE_SYS_STAT_H 1
| #define HAVE_STDLIB_H 1
| #define HAVE_STRING_H 1
| #define HAVE_STRINGS_H 1
| #define HAVE_INTTYPES_H 1
| #define HAVE_STDINT_H 1
| #define HAVE_UNISTD_H 1
| /* end confdefs.h.  */
| #include <dlfcn.h>
configure:4371: result: no
configure:4407: checking for dlfcn.h
configure:4414: result: no
configure:4437: checking for ppu-g++
configure:4453: found /c/PSDK3v2/ps3dev/ppu/bin/ppu-g++
configure:4463: result: ppu-g++
configure:4521: checking for C++ compiler version
configure:4524: ppu-g++ --version </dev/null >&5
ppu-g++.exe (GCC) 4.5.2
Copyright (C) 2010 Free Software Foundation, Inc.
This is free software; see the source for copying conditions.  There is NO
warranty; not even for MERCHANTABILITY or FITNESS FOR A PARTICULAR PURPOSE.

configure:4527: $? = 0
configure:4529: ppu-g++ -v </dev/null >&5
Using built-in specs.
COLLECT_GCC=c:\PSDK3v2\ps3dev\ppu\bin\ppu-g++.exe
COLLECT_LTO_WRAPPER=c:/psdk3v2/ps3dev/ppu/bin/../libexec/gcc/powerpc64-ps3-elf/4.5.2/lto-wrapper.exe
Target: powerpc64-ps3-elf
Configured with: ../configure --prefix=/usr/local/ps3dev/ppu --target=powerpc64-ps3-elf --disable-dependency-tracking --disable-libstdcxx-pch --disable-multilib --disable-nls --disable-shared --disable-win32-registry --enable-languages=c,c++,objc,obj-c++ --enable-long-double-128 --enable-lto --enable-threads --with-cpu=cell --with-newlib
Thread model: single
gcc version 4.5.2 (GCC) 
configure:4532: $? = 0
configure:4534: ppu-g++ -V </dev/null >&5
ppu-g++.exe: '-V' option must have argument
configure:4537: $? = 1
configure:4540: checking whether we are using the GNU C++ compiler
configure:4565: ppu-g++ -c   conftest.cc >&5
configure:4568: $? = 0
configure:4571: test -s conftest.o
configure:4574: $? = 0
configure:4587: result: yes
configure:4593: checking whether ppu-g++ accepts -g
configure:4615: ppu-g++ -c -g  conftest.cc >&5
configure:4618: $? = 0
configure:4621: test -s conftest.o
configure:4624: $? = 0
configure:4635: result: yes
configure:4679: ppu-g++ -c -g -O2  conftest.cc >&5
configure:4682: $? = 0
configure:4685: test -s conftest.o
configure:4688: $? = 0
configure:4715: ppu-g++ -c -g -O2  conftest.cc >&5
configure: In function 'int main()':
configure:4720:9: error: 'exit' was not declared in this scope
configure:4718: $? = 1
configure: failed program was:
| #line 4698 "configure"
| /* confdefs.h.  */
| 
| #define PACKAGE_NAME ""
| #define PACKAGE_TARNAME ""
| #define PACKAGE_VERSION ""
| #define PACKAGE_STRING ""
| #define PACKAGE_BUGREPORT ""
| #define INSTALLPREFIX "/usr/local"
| #define STDC_HEADERS 1
| #define HAVE_SYS_TYPES_H 1
| #define HAVE_SYS_STAT_H 1
| #define HAVE_STDLIB_H 1
| #define HAVE_STRING_H 1
| #define HAVE_STRINGS_H 1
| #define HAVE_INTTYPES_H 1
| #define HAVE_STDINT_H 1
| #define HAVE_UNISTD_H 1
| /* end confdefs.h.  */
| 
| int
| main ()
| {
| exit (42);
|   ;
|   return 0;
| }
configure:4679: ppu-g++ -c -g -O2  conftest.cc >&5
configure:4682: $? = 0
configure:4685: test -s conftest.o
configure:4688: $? = 0
configure:4715: ppu-g++ -c -g -O2  conftest.cc >&5
configure:4718: $? = 0
configure:4721: test -s conftest.o
configure:4724: $? = 0
configure:4752: checking how to run the C++ preprocessor
configure:4784: ppu-g++ -E  conftest.cc
configure:4790: $? = 0
configure:4822: ppu-g++ -E  conftest.cc
configure:4834:28: fatal error: ac_nonexistent.h: No such file or directory
compilation terminated.
configure:4828: $? = 1
configure: failed program was:
| #line 4813 "configure"
| /* confdefs.h.  */
| 
| #define PACKAGE_NAME ""
| #define PACKAGE_TARNAME ""
| #define PACKAGE_VERSION ""
| #define PACKAGE_STRING ""
| #define PACKAGE_BUGREPORT ""
| #define INSTALLPREFIX "/usr/local"
| #define STDC_HEADERS 1
| #define HAVE_SYS_TYPES_H 1
| #define HAVE_SYS_STAT_H 1
| #define HAVE_STDLIB_H 1
| #define HAVE_STRING_H 1
| #define HAVE_STRINGS_H 1
| #define HAVE_INTTYPES_H 1
| #define HAVE_STDINT_H 1
| #define HAVE_UNISTD_H 1
| #ifdef __cplusplus
| #include <stdlib.h>
| #endif
| /* end confdefs.h.  */
| #include <ac_nonexistent.h>
configure:4866: result: ppu-g++ -E
configure:4891: ppu-g++ -E  conftest.cc
configure:4897: $? = 0
configure:4929: ppu-g++ -E  conftest.cc
configure:4941:28: fatal error: ac_nonexistent.h: No such file or directory
compilation terminated.
configure:4935: $? = 1
configure: failed program was:
| #line 4920 "configure"
| /* confdefs.h.  */
| 
| #define PACKAGE_NAME ""
| #define PACKAGE_TARNAME ""
| #define PACKAGE_VERSION ""
| #define PACKAGE_STRING ""
| #define PACKAGE_BUGREPORT ""
| #define INSTALLPREFIX "/usr/local"
| #define STDC_HEADERS 1
| #define HAVE_SYS_TYPES_H 1
| #define HAVE_SYS_STAT_H 1
| #define HAVE_STDLIB_H 1
| #define HAVE_STRING_H 1
| #define HAVE_STRINGS_H 1
| #define HAVE_INTTYPES_H 1
| #define HAVE_STDINT_H 1
| #define HAVE_UNISTD_H 1
| #ifdef __cplusplus
| #include <stdlib.h>
| #endif
| /* end confdefs.h.  */
| #include <ac_nonexistent.h>
configure:4987: checking for ppu-g77
configure:5016: result: no
configure:4987: checking for ppu-f77
configure:5016: result: no
configure:4987: checking for ppu-xlf
configure:5016: result: no
configure:4987: checking for ppu-frt
configure:5016: result: no
configure:4987: checking for ppu-pgf77
configure:5016: result: no
configure:4987: checking for ppu-fl32
configure:5016: result: no
configure:4987: checking for ppu-af77
configure:5016: result: no
configure:4987: checking for ppu-fort77
configure:5016: result: no
configure:4987: checking for ppu-f90
configure:5016: result: no
configure:4987: checking for ppu-xlf90
configure:5016: result: no
configure:4987: checking for ppu-pgf90
configure:5016: result: no
configure:4987: checking for ppu-epcf90
configure:5016: result: no
configure:4987: checking for ppu-f95
configure:5016: result: no
configure:4987: checking for ppu-fort
configure:5016: result: no
configure:4987: checking for ppu-xlf95
configure:5016: result: no
configure:4987: checking for ppu-lf95
configure:5016: result: no
configure:4987: checking for ppu-g95
configure:5016: result: no
configure:5029: checking for g77
configure:5058: result: no
configure:5029: checking for f77
configure:5058: result: no
configure:5029: checking for xlf
configure:5058: result: no
configure:5029: checking for frt
configure:5058: result: no
configure:5029: checking for pgf77
configure:5058: result: no
configure:5029: checking for fl32
configure:5058: result: no
configure:5029: checking for af77
configure:5058: result: no
configure:5029: checking for fort77
configure:5058: result: no
configure:5029: checking for f90
configure:5058: result: no
configure:5029: checking for xlf90
configure:5058: result: no
configure:5029: checking for pgf90
configure:5058: result: no
configure:5029: checking for epcf90
configure:5058: result: no
configure:5029: checking for f95
configure:5058: result: no
configure:5029: checking for fort
configure:5058: result: no
configure:5029: checking for xlf95
configure:5058: result: no
configure:5029: checking for lf95
configure:5058: result: no
configure:5029: checking for g95
configure:5058: result: no
configure:5070: checking for Fortran 77 compiler version
configure:5073:  --version </dev/null >&5
./configure: line 5074: --version: command not found
configure:5076: $? = 127
configure:5078:  -v </dev/null >&5
./configure: line 5079: -v: command not found
configure:5081: $? = 127
configure:5083:  -V </dev/null >&5
./configure: line 5084: -V: command not found
configure:5086: $? = 127
configure:5093: checking whether we are using the GNU Fortran 77 compiler
configure:5107:  -c  conftest.F >&5
./configure: line 5108: -c: command not found
configure:5110: $? = 127
configure: failed program was:
|       program main
| #ifndef __GNUC__
|        choke me
| #endif
| 
|       end
configure:5129: result: no
configure:5136: checking whether  accepts -g
configure:5148:  -c -g conftest.f >&5
./configure: line 5149: -c: command not found
configure:5151: $? = 127
configure: failed program was:
|       program main
| 
|       end
configure:5169: result: no
configure:5197: checking the maximum length of command line arguments
configure:5256: result: 8192
configure:5267: checking command to parse /c/PSDK3v2/ps3dev/ppu/bin/ppu-nm output from ppu-gcc object
configure:5356: ppu-gcc -c -I/c/PSDK3v2/psl1ght/ppu/include -I/c/PSDK3v2/ps3dev/portlibs/ppu/include  conftest.c >&5
configure:5359: $? = 0
configure:5363: /c/PSDK3v2/ps3dev/ppu/bin/ppu-nm conftest.o \| sed -n -e 's/^.*[ 	]\([ABCDGISTW][ABCDGISTW]*\)[ 	][ 	]*\(\)\([_A-Za-z][_A-Za-z0-9]*\)\{0,1\}$/\1 \2\3 \3/p' \> conftest.nm
configure:5366: $? = 0
configure:5418: ppu-gcc -o conftest -I/c/PSDK3v2/psl1ght/ppu/include -I/c/PSDK3v2/ps3dev/portlibs/ppu/include  -L/c/PSDK3v2/psl1ght/ppu/lib -L/c/PSDK3v2/ps3dev/portlibs/ppu/lib -lrt -llv2 conftest.c conftstm.o >&5
configure:5421: $? = 0
configure:5459: result: ok
configure:5463: checking for objdir
configure:5478: result: .libs
configure:5530: checking for ppu-ar
configure:5546: found /c/PSDK3v2/ps3dev/ppu/bin/ppu-ar
configure:5556: result: ppu-ar
configure:5610: checking for ppu-ranlib
configure:5626: found /c/PSDK3v2/ps3dev/ppu/bin/ppu-ranlib
configure:5636: result: ppu-ranlib
configure:5690: checking for ppu-strip
configure:5706: found /c/PSDK3v2/ps3dev/ppu/bin/ppu-strip
configure:5716: result: ppu-strip
configure:6017: checking if ppu-gcc static flag  works
configure:6040: result: yes
configure:6057: checking if ppu-gcc supports -fno-rtti -fno-exceptions
configure:6075: ppu-gcc -c -I/c/PSDK3v2/psl1ght/ppu/include -I/c/PSDK3v2/ps3dev/portlibs/ppu/include  -fno-rtti -fno-exceptions conftest.c >&5
cc1.exe: warning: command line option "-fno-rtti" is valid for C++/ObjC++ but not for C
configure:6079: $? = 0
configure:6090: result: no
configure:6105: checking for ppu-gcc option to produce PIC
configure:6282: result: -fPIC
configure:6289: checking if ppu-gcc PIC flag -fPIC works
configure:6307: ppu-gcc -c -I/c/PSDK3v2/psl1ght/ppu/include -I/c/PSDK3v2/ps3dev/portlibs/ppu/include  -fPIC -DPIC conftest.c >&5
configure:6311: $? = 0
configure:6322: result: yes
configure:6346: checking if ppu-gcc supports -c -o file.o
configure:6374: ppu-gcc -c -I/c/PSDK3v2/psl1ght/ppu/include -I/c/PSDK3v2/ps3dev/portlibs/ppu/include  -o out/conftest2.o conftest.c >&5
configure:6378: $? = 0
configure:6395: result: yes
configure:6421: checking whether the ppu-gcc linker (c:/psdk3v2/ps3dev/ppu/powerpc64-ps3-elf/bin/ld.exe -m elf64ppc) supports shared libraries
configure:7215: result: yes
configure:7286: checking how to hardcode library paths into programs
configure:7311: result: immediate
configure:7325: checking whether stripping libraries is possible
configure:7330: result: yes
configure:7352: checking dynamic linker characteristics
configure:7875: result: GNU/Linux ld.so
configure:8601: checking if libtool supports shared libraries
configure:8603: result: yes
configure:8606: checking whether to build shared libraries
configure:8655: result: no
configure:8658: checking whether to build static libraries
configure:8662: result: yes
configure:8753: creating libtool
configure:9297: checking for ld used by ppu-g++
configure:9364: result: c:/psdk3v2/ps3dev/ppu/powerpc64-ps3-elf/bin/ld.exe -m elf64ppc
configure:9373: checking if the linker (c:/psdk3v2/ps3dev/ppu/powerpc64-ps3-elf/bin/ld.exe -m elf64ppc) is GNU ld
configure:9388: result: no
configure:9439: checking whether the ppu-g++ linker (c:/psdk3v2/ps3dev/ppu/powerpc64-ps3-elf/bin/ld.exe -m elf64ppc) supports shared libraries
configure:10234: result: yes
configure:10252: ppu-g++ -c -g -O2  conftest.cc >&5
configure:10255: $? = 0
configure:10351: checking for ppu-g++ option to produce PIC
configure:10603: result: -fPIC
configure:10610: checking if ppu-g++ PIC flag -fPIC works
configure:10628: ppu-g++ -c -g -O2  -fPIC -DPIC conftest.cc >&5
configure:10632: $? = 0
configure:10643: result: yes
configure:10667: checking if ppu-g++ supports -c -o file.o
configure:10695: ppu-g++ -c -g -O2  -o out/conftest2.o conftest.cc >&5
configure:10699: $? = 0
configure:10716: result: yes
configure:10742: checking whether the ppu-g++ linker (c:/psdk3v2/ps3dev/ppu/powerpc64-ps3-elf/bin/ld.exe -m elf64ppc) supports shared libraries
configure:10767: result: yes
configure:10838: checking how to hardcode library paths into programs
configure:10863: result: immediate
configure:10877: checking whether stripping libraries is possible
configure:10882: result: yes
configure:10904: checking dynamic linker characteristics
configure:11427: result: GNU/Linux ld.so
configure:18319: checking for nl_langinfo and CODESET
configure:18341: ppu-gcc -o conftest -I/c/PSDK3v2/psl1ght/ppu/include -I/c/PSDK3v2/ps3dev/portlibs/ppu/include  -L/c/PSDK3v2/psl1ght/ppu/lib -L/c/PSDK3v2/ps3dev/portlibs/ppu/lib -lrt -llv2 conftest.c  >&5
configure:18344: $? = 0
configure:18347: test -s conftest
configure:18350: $? = 0
configure:18362: result: yes
configure:18373: checking whether we are using the GNU C Library 2.1 or newer
configure:18401:22: fatal error: features.h: No such file or directory
compilation terminated.
configure:18405: result: no
configure:18427: checking stddef.h usability
configure:18440: ppu-gcc -c -I/c/PSDK3v2/psl1ght/ppu/include -I/c/PSDK3v2/ps3dev/portlibs/ppu/include  conftest.c >&5
configure:18443: $? = 0
configure:18446: test -s conftest.o
configure:18449: $? = 0
configure:18459: result: yes
configure:18463: checking stddef.h presence
configure:18474: ppu-gcc -E  conftest.c
configure:18480: $? = 0
configure:18499: result: yes
configure:18535: checking for stddef.h
configure:18542: result: yes
configure:18418: checking for stdlib.h
configure:18423: result: yes
configure:18418: checking for string.h
configure:18423: result: yes
configure:18559: checking for setlocale
configure:18609: ppu-gcc -o conftest -I/c/PSDK3v2/psl1ght/ppu/include -I/c/PSDK3v2/ps3dev/portlibs/ppu/include  -L/c/PSDK3v2/psl1ght/ppu/lib -L/c/PSDK3v2/ps3dev/portlibs/ppu/lib -lrt -llv2 conftest.c  >&5
configure:18612: $? = 0
configure:18615: test -s conftest
configure:18618: $? = 0
configure:18629: result: yes
configure:18736: creating ./config.status

## ---------------------- ##
## Running config.status. ##
## ---------------------- ##

This file was extended by config.status, which was
generated by GNU Autoconf 2.57.  Invocation command line was

  CONFIG_FILES    = 
  CONFIG_HEADERS  = 
  CONFIG_LINKS    = 
  CONFIG_COMMANDS = 
  $ ./config.status 

on Ordi

config.status:651: creating Makefile
config.status:651: creating lib/Makefile
config.status:755: creating config.h
config.status:866: config.h is unchanged

## ---------------- ##
## Cache variables. ##
## ---------------- ##

ac_cv_build=i686-pc-mingw32
ac_cv_build_alias=i686-pc-mingw32
ac_cv_c_compiler_gnu=yes
ac_cv_cxx_compiler_gnu=yes
ac_cv_env_CC_set=
ac_cv_env_CC_value=
ac_cv_env_CFLAGS_set=set
ac_cv_env_CFLAGS_value='-I/c/PSDK3v2/psl1ght/ppu/include -I/c/PSDK3v2/ps3dev/portlibs/ppu/include'
ac_cv_env_CPPFLAGS_set=
ac_cv_env_CPPFLAGS_value=
ac_cv_env_CPP_set=
ac_cv_env_CPP_value=
ac_cv_env_CXXCPP_set=
ac_cv_env_CXXCPP_value=
ac_cv_env_CXXFLAGS_set=
ac_cv_env_CXXFLAGS_value=
ac_cv_env_CXX_set=
ac_cv_env_CXX_value=
ac_cv_env_F77_set=
ac_cv_env_F77_value=
ac_cv_env_FFLAGS_set=
ac_cv_env_FFLAGS_value=
ac_cv_env_LDFLAGS_set=set
ac_cv_env_LDFLAGS_value='-L/c/PSDK3v2/psl1ght/ppu/lib -L/c/PSDK3v2/ps3dev/portlibs/ppu/lib -lrt -llv2'
ac_cv_env_build_alias_set=
ac_cv_env_build_alias_value=
ac_cv_env_host_alias_set=set
ac_cv_env_host_alias_value=ppu
ac_cv_env_target_alias_set=
ac_cv_env_target_alias_value=
ac_cv_exeext=
ac_cv_f77_compiler_gnu=no
ac_cv_func_setlocale=yes
ac_cv_gnu_library_2_1=no
ac_cv_header_dlfcn_h=no
ac_cv_header_inttypes_h=yes
ac_cv_header_memory_h=no
ac_cv_header_minix_config_h=no
ac_cv_header_stdc=yes
ac_cv_header_stddef_h=yes
ac_cv_header_stdint_h=yes
ac_cv_header_stdlib_h=yes
ac_cv_header_string_h=yes
ac_cv_header_strings_h=yes
ac_cv_header_sys_stat_h=yes
ac_cv_header_sys_types_h=yes
ac_cv_header_unistd_h=yes
ac_cv_host=powerpc64-unknown-linux-gnu
ac_cv_host_alias=ppu
ac_cv_lib_cposix_strerror=no
ac_cv_objext=o
ac_cv_path_install='/c/PSDK3v2/mingw/msys/1.0/bin/install -c'
ac_cv_prog_AR=ppu-ar
ac_cv_prog_CC=ppu-gcc
ac_cv_prog_CPP='ppu-gcc -E'
ac_cv_prog_CXX=ppu-g++
ac_cv_prog_CXXCPP='ppu-g++ -E'
ac_cv_prog_RANLIB=ppu-ranlib
ac_cv_prog_STRIP=ppu-strip
ac_cv_prog_cc_g=yes
ac_cv_prog_cc_stdc=
ac_cv_prog_cxx_g=yes
ac_cv_prog_egrep='grep -E'
ac_cv_prog_f77_g=no
ac_cv_prog_gcc_traditional=no
ac_cv_prog_make_make_set=yes
am_cv_langinfo_codeset=yes
lt_cv_deplibs_check_method=pass_all
lt_cv_file_magic_cmd='$MAGIC_CMD'
lt_cv_file_magic_test_file='/lib/libc.so* /lib/libc-*.so'
lt_cv_ld_reload_flag=-r
lt_cv_objdir=.libs
lt_cv_path_LD=c:/psdk3v2/ps3dev/ppu/powerpc64-ps3-elf/bin/ld.exe
lt_cv_path_LDCXX='c:/psdk3v2/ps3dev/ppu/powerpc64-ps3-elf/bin/ld.exe -m elf64ppc'
lt_cv_path_NM=/c/PSDK3v2/ps3dev/ppu/bin/ppu-nm
lt_cv_path_SED=/c/PSDK3v2/mingw/msys/1.0/bin/sed
lt_cv_prog_compiler_c_o=yes
lt_cv_prog_compiler_c_o_CXX=yes
lt_cv_prog_compiler_rtti_exceptions=no
lt_cv_prog_gnu_ld=yes
lt_cv_prog_gnu_ldcxx=no
lt_cv_sys_global_symbol_pipe='sed -n -e '\''s/^.*[ 	]\([ABCDGISTW][ABCDGISTW]*\)[ 	][ 	]*\(\)\([_A-Za-z][_A-Za-z0-9]*\)\{0,1\}$/\1 \2\3 \3/p'\'''
lt_cv_sys_global_symbol_to_c_name_address='sed -n -e '\''s/^: \([^ ]*\) $/  {\"\1\", (lt_ptr) 0},/p'\'' -e '\''s/^[BCDEGRST] \([^ ]*\) \([^ ]*\)$/  {"\2", (lt_ptr) \&\2},/p'\'''
lt_cv_sys_global_symbol_to_cdecl='sed -n -e '\''s/^. .* \(.*\)$/extern int \1;/p'\'''
lt_cv_sys_max_cmd_len=8192
lt_lt_cv_prog_compiler_c_o='"yes"'
lt_lt_cv_prog_compiler_c_o_CXX='"yes"'
lt_lt_cv_sys_global_symbol_pipe='"sed -n -e '\''s/^.*[ 	]\\([ABCDGISTW][ABCDGISTW]*\\)[ 	][ 	]*\\(\\)\\([_A-Za-z][_A-Za-z0-9]*\\)\\{0,1\\}\$/\\1 \\2\\3 \\3/p'\''"'
lt_lt_cv_sys_global_symbol_to_c_name_address='"sed -n -e '\''s/^: \\([^ ]*\\) \$/  {\\\"\\1\\\", (lt_ptr) 0},/p'\'' -e '\''s/^[BCDEGRST] \\([^ ]*\\) \\([^ ]*\\)\$/  {\"\\2\", (lt_ptr) \\&\\2},/p'\''"'
lt_lt_cv_sys_global_symbol_to_cdecl='"sed -n -e '\''s/^. .* \\(.*\\)\$/extern int \\1;/p'\''"'

## ----------------- ##
## Output variables. ##
## ----------------- ##

AR='ppu-ar'
AS='as'
CC='ppu-gcc'
CFLAGS='-I/c/PSDK3v2/psl1ght/ppu/include -I/c/PSDK3v2/ps3dev/portlibs/ppu/include'
CPP='ppu-gcc -E'
CPPFLAGS=''
CXX='ppu-g++'
CXXCPP='ppu-g++ -E'
CXXFLAGS='-g -O2'
DEFS='-DHAVE_CONFIG_H'
DLLTOOL='dlltool'
ECHO='echo'
ECHO_C=''
ECHO_N='-n'
ECHO_T=''
EGREP='grep -E'
EXEEXT=''
F77=''
FFLAGS=''
GLIBC21='no'
INSTALL_DATA='${INSTALL} -m 644'
INSTALL_PROGRAM='${INSTALL}'
INSTALL_SCRIPT='${INSTALL}'
LDFLAGS='-L/c/PSDK3v2/psl1ght/ppu/lib -L/c/PSDK3v2/ps3dev/portlibs/ppu/lib -lrt -llv2'
LIBOBJS=''
LIBS=''
LIBTOOL='$(SHELL) $(top_builddir)/libtool'
LN_S='ln -s'
LTLIBOBJS=''
OBJDUMP='objdump'
OBJEXT='o'
PACKAGE=''
PACKAGE_BUGREPORT=''
PACKAGE_NAME=''
PACKAGE_STRING=''
PACKAGE_TARNAME=''
PACKAGE_VERSION=''
PATH_SEPARATOR=':'
RANLIB='ppu-ranlib'
RELOCATABLE='no'
SET_MAKE=''
SHELL='/bin/sh'
STRIP='ppu-strip'
VERSION=''
ac_ct_AR=''
ac_ct_AS=''
ac_ct_CC=''
ac_ct_CXX=''
ac_ct_DLLTOOL=''
ac_ct_F77=''
ac_ct_OBJDUMP=''
ac_ct_RANLIB=''
ac_ct_STRIP=''
bindir='${exec_prefix}/bin'
build='i686-pc-mingw32'
build_alias=''
build_cpu='i686'
build_os='mingw32'
build_vendor='pc'
datadir='${prefix}/share'
exec_prefix='${prefix}'
host='powerpc64-unknown-linux-gnu'
host_alias='ppu'
host_cpu='powerpc64'
host_os='linux-gnu'
host_vendor='unknown'
includedir='${prefix}/include'
infodir='${prefix}/info'
libdir='${exec_prefix}/lib'
libexecdir='${exec_prefix}/libexec'
localstatedir='${prefix}/var'
mandir='${datadir}/man'
oldincludedir='/usr/include'
prefix='/usr/local'
program_transform_name='s,x,x,'
sbindir='${exec_prefix}/sbin'
sharedstatedir='${prefix}/com'
sysconfdir='${prefix}/etc'
target_alias=''

## ----------- ##
## confdefs.h. ##
## ----------- ##

#define HAVE_INTTYPES_H 1
#define HAVE_LANGINFO_CODESET 1
#define HAVE_SETLOCALE 1
#define HAVE_STDDEF_H 1
#define HAVE_STDINT_H 1
#define HAVE_STDLIB_H 1
#define HAVE_STDLIB_H 1
#define HAVE_STRINGS_H 1
#define HAVE_STRING_H 1
#define HAVE_STRING_H 1
#define HAVE_SYS_STAT_H 1
#define HAVE_SYS_TYPES_H 1
#define HAVE_UNISTD_H 1
#define INSTALLPREFIX "/usr/local"
#define PACKAGE_BUGREPORT ""
#define PACKAGE_NAME ""
#define PACKAGE_STRING ""
#define PACKAGE_TARNAME ""
#define PACKAGE_VERSION ""
#define STDC_HEADERS 1
#endif
#ifdef __cplusplus
#include <stdlib.h>

configure: exit 0
